<?xml version="1.0" encoding="UTF-8"?>
<!-- Generated by org.testng.reporters.JUnitReportReporter -->
<testsuite hostname="DESKTOP-FEQ3OA0" failures="0" tests="2" name="tests.TestClass1" time="0.007" errors="0" timestamp="2023-02-07T18:28:29 IST" skipped="0">
  <testcase classname="tests.TestClass1" name="testcase2" time="0.002"/>
  <system-out/>
  <testcase classname="tests.TestClass1" name="testcase1" time="0.005"/>
  <system-out/>
</testsuite> <!-- tests.TestClass1 -->
