<?xml version="1.0" encoding="UTF-8"?>
<!-- Generated by org.testng.reporters.JUnitReportReporter -->
<testsuite hostname="DESKTOP-FEQ3OA0" failures="0" tests="1" name="tests.BasicTest" time="0.005" errors="0" timestamp="2023-02-08T22:06:25 IST" skipped="0">
  <testcase classname="tests.BasicTest" name="basictest" time="0.005"/>
  <system-out/>
</testsuite> <!-- tests.BasicTest -->
