<?xml version="1.0" encoding="UTF-8"?>
<!-- Generated by org.testng.reporters.JUnitReportReporter -->
<testsuite hostname="DESKTOP-FEQ3OA0" failures="0" tests="2" name="tests.TestClass2Test" time="0.000" errors="0" timestamp="2023-02-08T22:04:14 IST" skipped="0">
  <testcase classname="tests.TestClass2Test" name="testcase1" time="0.000"/>
  <system-out/>
  <testcase classname="tests.TestClass2Test" name="testcase2" time="0.000"/>
  <system-out/>
</testsuite> <!-- tests.TestClass2Test -->
