<?xml version="1.0" encoding="UTF-8"?>
<!-- Generated by org.testng.reporters.JUnitReportReporter -->
<testsuite hostname="DESKTOP-FEQ3OA0" failures="0" tests="2" name="tests.TestClass1Test" time="0.008" errors="0" timestamp="2023-02-08T22:05:20 IST" skipped="0">
  <testcase classname="tests.TestClass1Test" name="testcase2" time="0.002"/>
  <system-out/>
  <testcase classname="tests.TestClass1Test" name="testcase1" time="0.006"/>
  <system-out/>
</testsuite> <!-- tests.TestClass1Test -->
