<?xml version="1.0" encoding="UTF-8"?>
<!-- Generated by org.testng.reporters.JUnitReportReporter -->
<testsuite hostname="DESKTOP-FEQ3OA0" failures="0" tests="2" name="testcase.LoginAndLogout" time="29.436" errors="0" timestamp="2022-12-09T23:45:09 IST" skipped="0">
  <testcase classname="testcase.LoginAndLogout" name="loginLogout" time="13.371"/>
  <system-out/>
  <testcase classname="testcase.LoginAndLogout" name="loginLogout" time="16.065"/>
  <system-out/>
</testsuite> <!-- testcase.LoginAndLogout -->
