<?xml version="1.0" encoding="UTF-8"?>
<!-- Generated by org.testng.reporters.JUnitReportReporter -->
<testsuite hostname="DESKTOP-FEQ3OA0" failures="0" tests="1" name="testcases.LoginValidData" time="5.700" errors="0" timestamp="2022-12-11T19:28:05 IST" skipped="0">
  <testcase classname="testcases.LoginValidData" name="loginValidData" time="5.700"/>
  <system-out/>
</testsuite> <!-- testcases.LoginValidData -->
