<?xml version="1.0" encoding="UTF-8"?>
<!-- Generated by org.testng.reporters.JUnitReportReporter -->
<testsuite hostname="DESKTOP-FEQ3OA0" failures="0" tests="1" name="testcase.LoginWithInvalidData" time="18.580" errors="0" timestamp="2020-10-25T13:21:59 IST" skipped="0">
  <testcase classname="testcase.LoginWithInvalidData" name="inValidData" time="18.580"/>
  <system-out/>
</testsuite> <!-- testcase.LoginWithInvalidData -->
