<?xml version="1.0" encoding="UTF-8"?>
<!-- Generated by org.testng.reporters.JUnitReportReporter -->
<testsuite hostname="DESKTOP-FEQ3OA0" failures="0" tests="2" name="testcase.LoginAndLogout" time="32.965" errors="0" timestamp="2022-12-09T22:51:44 IST" skipped="0">
  <testcase classname="testcase.LoginAndLogout" name="loginLogout" time="14.500"/>
  <system-out/>
  <testcase classname="testcase.LoginAndLogout" name="loginLogout" time="18.465"/>
  <system-out/>
</testsuite> <!-- testcase.LoginAndLogout -->
