<?xml version="1.0" encoding="UTF-8"?>
<!-- Generated by org.testng.reporters.JUnitReportReporter -->
<testsuite hostname="DESKTOP-FEQ3OA0" failures="0" tests="1" name="testcase.CreateLead" time="15.424" errors="0" timestamp="2022-12-09T22:35:22 IST" skipped="0">
  <testcase classname="testcase.CreateLead" name="createLead" time="15.424"/>
  <system-out/>
</testsuite> <!-- testcase.CreateLead -->
